# JRE version: Java(TM) SE Runtime Environment (25.0.1+8) (build 25.0.1+8-LTS-27)
# Java VM: Java HotSpot(TM) 64-Bit Server VM (25.0.1+8-LTS-27, mixed mode, emulated-client, tiered, compressed oops, compressed class ptrs, g1 gc, windows-amd64)
GC Precious Log:
 CardTable entry size: 512
 Card Set container configuration: InlinePtr #cards 4 size 8 Array Of Cards #cards 32 size 80 Howl #buckets 8 coarsen threshold 7372 Howl Bitmap #cards 1024 size 144 coarsen threshold 921 Card regions per heap region 1 cards per card region 8192
 CPUs: 8 total, 8 available
 Memory: 32549M
 Large Page Support: Disabled
 NUMA Support: Disabled
 Compressed Oops: Enabled (Zero based)
 Heap Region Size: 4M
 Heap Min Capacity: 8M
 Heap Initial Capacity: 512M
 Heap Max Capacity: 8140M
 Pre-touch: Disabled
 Parallel Workers: 8
 Concurrent Workers: 2
 Concurrent Refinement Workers: 8
 Periodic GC: Disabled
Heap:
 garbage-first heap   total reserved 8335360K, committed 221184K, used 102955K [0x0000000603400000, 0x0000000800000000)
  region size 4096K, 6 young (24576K), 3 survivors (12288K)
GC Heap Usage History (20 events):
Event: 81.149 {heap Before GC invocations=31 (full 0):
 garbage-first heap   total reserved 8335360K, committed 180224K, used 161892K [0x0000000603400000, 0x0000000800000000)
  region size 4096K, 25 young (102400K), 3 survivors (12288K)
}
Event: 81.160 {heap After GC invocations=32 (full 0):
 garbage-first heap   total reserved 8335360K, committed 221184K, used 74753K [0x0000000603400000, 0x0000000800000000)
  region size 4096K, 3 young (12288K), 3 survivors (12288K)
}
Event: 82.908 {heap Before GC invocations=32 (full 0):
 garbage-first heap   total reserved 8335360K, committed 221184K, used 193537K [0x0000000603400000, 0x0000000800000000)
  region size 4096K, 32 young (131072K), 3 survivors (12288K)
}
Event: 82.919 {heap After GC invocations=33 (full 0):
 garbage-first heap   total reserved 8335360K, committed 221184K, used 77687K [0x0000000603400000, 0x0000000800000000)
  region size 4096K, 3 young (12288K), 3 survivors (12288K)
}
Event: 84.299 {heap Before GC invocations=33 (full 0):
 garbage-first heap   total reserved 8335360K, committed 221184K, used 196471K [0x0000000603400000, 0x0000000800000000)
  region size 4096K, 32 young (131072K), 3 survivors (12288K)
}
Event: 84.314 {heap After GC invocations=34 (full 0):
 garbage-first heap   total reserved 8335360K, committed 221184K, used 84810K [0x0000000603400000, 0x0000000800000000)
  region size 4096K, 4 young (16384K), 4 survivors (16384K)
}
Event: 84.831 {heap Before GC invocations=34 (full 0):
 garbage-first heap   total reserved 8335360K, committed 221184K, used 199498K [0x0000000603400000, 0x0000000800000000)
  region size 4096K, 32 young (131072K), 4 survivors (16384K)
}
Event: 84.840 {heap After GC invocations=35 (full 0):
 garbage-first heap   total reserved 8335360K, committed 221184K, used 81152K [0x0000000603400000, 0x0000000800000000)
  region size 4096K, 1 young (4096K), 1 survivors (4096K)
}
Event: 85.492 {heap Before GC invocations=35 (full 0):
 garbage-first heap   total reserved 8335360K, committed 221184K, used 204032K [0x0000000603400000, 0x0000000800000000)
  region size 4096K, 31 young (126976K), 1 survivors (4096K)
}
Event: 85.497 {heap After GC invocations=36 (full 0):
 garbage-first heap   total reserved 8335360K, committed 221184K, used 83085K [0x0000000603400000, 0x0000000800000000)
  region size 4096K, 2 young (8192K), 2 survivors (8192K)
}
Event: 86.588 {heap Before GC invocations=36 (full 0):
 garbage-first heap   total reserved 8335360K, committed 221184K, used 201869K [0x0000000603400000, 0x0000000800000000)
  region size 4096K, 31 young (126976K), 2 survivors (8192K)
}
Event: 86.596 {heap After GC invocations=37 (full 0):
 garbage-first heap   total reserved 8335360K, committed 221184K, used 85135K [0x0000000603400000, 0x0000000800000000)
  region size 4096K, 2 young (8192K), 2 survivors (8192K)
}
Event: 88.061 {heap Before GC invocations=37 (full 0):
 garbage-first heap   total reserved 8335360K, committed 221184K, used 203919K [0x0000000603400000, 0x0000000800000000)
  region size 4096K, 31 young (126976K), 2 survivors (8192K)
}
Event: 88.071 {heap After GC invocations=38 (full 0):
 garbage-first heap   total reserved 8335360K, committed 221184K, used 88067K [0x0000000603400000, 0x0000000800000000)
  region size 4096K, 3 young (12288K), 3 survivors (12288K)
}
Event: 88.994 {heap Before GC invocations=38 (full 0):
 garbage-first heap   total reserved 8335360K, committed 221184K, used 202755K [0x0000000603400000, 0x0000000800000000)
  region size 4096K, 31 young (126976K), 3 survivors (12288K)
}
Event: 89.003 {heap After GC invocations=39 (full 0):
 garbage-first heap   total reserved 8335360K, committed 221184K, used 88495K [0x0000000603400000, 0x0000000800000000)
  region size 4096K, 3 young (12288K), 3 survivors (12288K)
}
Event: 90.319 {heap Before GC invocations=39 (full 0):
 garbage-first heap   total reserved 8335360K, committed 221184K, used 199087K [0x0000000603400000, 0x0000000800000000)
  region size 4096K, 30 young (122880K), 3 survivors (12288K)
}
Event: 90.328 {heap After GC invocations=40 (full 0):
 garbage-first heap   total reserved 8335360K, committed 221184K, used 91713K [0x0000000603400000, 0x0000000800000000)
  region size 4096K, 3 young (12288K), 3 survivors (12288K)
}
Event: 91.552 {heap Before GC invocations=40 (full 0):
 garbage-first heap   total reserved 8335360K, committed 221184K, used 202305K [0x0000000603400000, 0x0000000800000000)
  region size 4096K, 30 young (122880K), 3 survivors (12288K)
}
Event: 91.564 {heap After GC invocations=41 (full 0):
 garbage-first heap   total reserved 8335360K, committed 221184K, used 94763K [0x0000000603400000, 0x0000000800000000)
  region size 4096K, 3 young (12288K), 3 survivors (12288K)
}

